2023-11-23 00:05:00.006 |-DEBUG [pool-5-thread-1] com.jsti.tunnel.monitor.dao.master.TmDeviceDao.selectList [159] -| ==>  Preparing: select id, code, `name`, model, `type`, clientip, clientport, device_type, line, segment, stake_number, install_position, serial_number, collect_time, subsecond, realtime_physical_data, status, pic1, enabled from tm_device 
2023-11-23 00:05:00.010 |-DEBUG [pool-5-thread-1] com.jsti.tunnel.monitor.dao.master.TmDeviceDao.selectList [159] -| ==> Parameters: 
2023-11-23 00:05:00.011 |-DEBUG [pool-5-thread-1] com.jsti.tunnel.monitor.dao.master.TmDeviceDao.selectList [159] -| <==      Total: 2
2023-11-23 00:35:00.002 |-DEBUG [pool-5-thread-1] com.jsti.tunnel.monitor.dao.master.TmDeviceDao.selectList [159] -| ==>  Preparing: select id, code, `name`, model, `type`, clientip, clientport, device_type, line, segment, stake_number, install_position, serial_number, collect_time, subsecond, realtime_physical_data, status, pic1, enabled from tm_device 
2023-11-23 00:35:00.004 |-DEBUG [pool-5-thread-1] com.jsti.tunnel.monitor.dao.master.TmDeviceDao.selectList [159] -| ==> Parameters: 
2023-11-23 00:35:00.005 |-DEBUG [pool-5-thread-1] com.jsti.tunnel.monitor.dao.master.TmDeviceDao.selectList [159] -| <==      Total: 2
2023-11-23 01:05:00.010 |-DEBUG [pool-5-thread-1] com.jsti.tunnel.monitor.dao.master.TmDeviceDao.selectList [159] -| ==>  Preparing: select id, code, `name`, model, `type`, clientip, clientport, device_type, line, segment, stake_number, install_position, serial_number, collect_time, subsecond, realtime_physical_data, status, pic1, enabled from tm_device 
2023-11-23 01:05:00.011 |-DEBUG [pool-5-thread-1] com.jsti.tunnel.monitor.dao.master.TmDeviceDao.selectList [159] -| ==> Parameters: 
2023-11-23 01:05:00.012 |-DEBUG [pool-5-thread-1] com.jsti.tunnel.monitor.dao.master.TmDeviceDao.selectList [159] -| <==      Total: 2
2023-11-23 01:35:00.000 |-DEBUG [pool-5-thread-1] com.jsti.tunnel.monitor.dao.master.TmDeviceDao.selectList [159] -| ==>  Preparing: select id, code, `name`, model, `type`, clientip, clientport, device_type, line, segment, stake_number, install_position, serial_number, collect_time, subsecond, realtime_physical_data, status, pic1, enabled from tm_device 
2023-11-23 01:35:00.000 |-DEBUG [pool-5-thread-1] com.jsti.tunnel.monitor.dao.master.TmDeviceDao.selectList [159] -| ==> Parameters: 
2023-11-23 01:35:00.002 |-DEBUG [pool-5-thread-1] com.jsti.tunnel.monitor.dao.master.TmDeviceDao.selectList [159] -| <==      Total: 2
2023-11-23 02:05:00.012 |-DEBUG [pool-5-thread-1] com.jsti.tunnel.monitor.dao.master.TmDeviceDao.selectList [159] -| ==>  Preparing: select id, code, `name`, model, `type`, clientip, clientport, device_type, line, segment, stake_number, install_position, serial_number, collect_time, subsecond, realtime_physical_data, status, pic1, enabled from tm_device 
2023-11-23 02:05:00.013 |-DEBUG [pool-5-thread-1] com.jsti.tunnel.monitor.dao.master.TmDeviceDao.selectList [159] -| ==> Parameters: 
2023-11-23 02:05:00.014 |-DEBUG [pool-5-thread-1] com.jsti.tunnel.monitor.dao.master.TmDeviceDao.selectList [159] -| <==      Total: 2
2023-11-23 02:35:00.014 |-DEBUG [pool-5-thread-1] com.jsti.tunnel.monitor.dao.master.TmDeviceDao.selectList [159] -| ==>  Preparing: select id, code, `name`, model, `type`, clientip, clientport, device_type, line, segment, stake_number, install_position, serial_number, collect_time, subsecond, realtime_physical_data, status, pic1, enabled from tm_device 
2023-11-23 02:35:00.015 |-DEBUG [pool-5-thread-1] com.jsti.tunnel.monitor.dao.master.TmDeviceDao.selectList [159] -| ==> Parameters: 
2023-11-23 02:35:00.016 |-DEBUG [pool-5-thread-1] com.jsti.tunnel.monitor.dao.master.TmDeviceDao.selectList [159] -| <==      Total: 2
2023-11-23 03:05:00.001 |-DEBUG [pool-5-thread-1] com.jsti.tunnel.monitor.dao.master.TmDeviceDao.selectList [159] -| ==>  Preparing: select id, code, `name`, model, `type`, clientip, clientport, device_type, line, segment, stake_number, install_position, serial_number, collect_time, subsecond, realtime_physical_data, status, pic1, enabled from tm_device 
2023-11-23 03:05:00.001 |-DEBUG [pool-5-thread-1] com.jsti.tunnel.monitor.dao.master.TmDeviceDao.selectList [159] -| ==> Parameters: 
2023-11-23 03:05:00.002 |-DEBUG [pool-5-thread-1] com.jsti.tunnel.monitor.dao.master.TmDeviceDao.selectList [159] -| <==      Total: 2
2023-11-23 03:35:00.006 |-DEBUG [pool-5-thread-1] com.jsti.tunnel.monitor.dao.master.TmDeviceDao.selectList [159] -| ==>  Preparing: select id, code, `name`, model, `type`, clientip, clientport, device_type, line, segment, stake_number, install_position, serial_number, collect_time, subsecond, realtime_physical_data, status, pic1, enabled from tm_device 
2023-11-23 03:35:00.007 |-DEBUG [pool-5-thread-1] com.jsti.tunnel.monitor.dao.master.TmDeviceDao.selectList [159] -| ==> Parameters: 
2023-11-23 03:35:00.008 |-DEBUG [pool-5-thread-1] com.jsti.tunnel.monitor.dao.master.TmDeviceDao.selectList [159] -| <==      Total: 2
2023-11-23 04:05:00.002 |-DEBUG [pool-5-thread-1] com.jsti.tunnel.monitor.dao.master.TmDeviceDao.selectList [159] -| ==>  Preparing: select id, code, `name`, model, `type`, clientip, clientport, device_type, line, segment, stake_number, install_position, serial_number, collect_time, subsecond, realtime_physical_data, status, pic1, enabled from tm_device 
2023-11-23 04:05:00.003 |-DEBUG [pool-5-thread-1] com.jsti.tunnel.monitor.dao.master.TmDeviceDao.selectList [159] -| ==> Parameters: 
2023-11-23 04:05:00.003 |-DEBUG [pool-5-thread-1] com.jsti.tunnel.monitor.dao.master.TmDeviceDao.selectList [159] -| <==      Total: 2
2023-11-23 04:35:00.015 |-DEBUG [pool-5-thread-1] com.jsti.tunnel.monitor.dao.master.TmDeviceDao.selectList [159] -| ==>  Preparing: select id, code, `name`, model, `type`, clientip, clientport, device_type, line, segment, stake_number, install_position, serial_number, collect_time, subsecond, realtime_physical_data, status, pic1, enabled from tm_device 
2023-11-23 04:35:00.015 |-DEBUG [pool-5-thread-1] com.jsti.tunnel.monitor.dao.master.TmDeviceDao.selectList [159] -| ==> Parameters: 
2023-11-23 04:35:00.016 |-DEBUG [pool-5-thread-1] com.jsti.tunnel.monitor.dao.master.TmDeviceDao.selectList [159] -| <==      Total: 2
2023-11-23 05:05:00.009 |-DEBUG [pool-5-thread-1] com.jsti.tunnel.monitor.dao.master.TmDeviceDao.selectList [159] -| ==>  Preparing: select id, code, `name`, model, `type`, clientip, clientport, device_type, line, segment, stake_number, install_position, serial_number, collect_time, subsecond, realtime_physical_data, status, pic1, enabled from tm_device 
2023-11-23 05:05:00.010 |-DEBUG [pool-5-thread-1] com.jsti.tunnel.monitor.dao.master.TmDeviceDao.selectList [159] -| ==> Parameters: 
2023-11-23 05:05:00.011 |-DEBUG [pool-5-thread-1] com.jsti.tunnel.monitor.dao.master.TmDeviceDao.selectList [159] -| <==      Total: 2
2023-11-23 05:35:00.001 |-DEBUG [pool-5-thread-1] com.jsti.tunnel.monitor.dao.master.TmDeviceDao.selectList [159] -| ==>  Preparing: select id, code, `name`, model, `type`, clientip, clientport, device_type, line, segment, stake_number, install_position, serial_number, collect_time, subsecond, realtime_physical_data, status, pic1, enabled from tm_device 
2023-11-23 05:35:00.001 |-DEBUG [pool-5-thread-1] com.jsti.tunnel.monitor.dao.master.TmDeviceDao.selectList [159] -| ==> Parameters: 
2023-11-23 05:35:00.002 |-DEBUG [pool-5-thread-1] com.jsti.tunnel.monitor.dao.master.TmDeviceDao.selectList [159] -| <==      Total: 2
2023-11-23 06:05:00.000 |-DEBUG [pool-5-thread-1] com.jsti.tunnel.monitor.dao.master.TmDeviceDao.selectList [159] -| ==>  Preparing: select id, code, `name`, model, `type`, clientip, clientport, device_type, line, segment, stake_number, install_position, serial_number, collect_time, subsecond, realtime_physical_data, status, pic1, enabled from tm_device 
2023-11-23 06:05:00.000 |-DEBUG [pool-5-thread-1] com.jsti.tunnel.monitor.dao.master.TmDeviceDao.selectList [159] -| ==> Parameters: 
2023-11-23 06:05:00.001 |-DEBUG [pool-5-thread-1] com.jsti.tunnel.monitor.dao.master.TmDeviceDao.selectList [159] -| <==      Total: 2
2023-11-23 06:35:00.006 |-DEBUG [pool-5-thread-1] com.jsti.tunnel.monitor.dao.master.TmDeviceDao.selectList [159] -| ==>  Preparing: select id, code, `name`, model, `type`, clientip, clientport, device_type, line, segment, stake_number, install_position, serial_number, collect_time, subsecond, realtime_physical_data, status, pic1, enabled from tm_device 
2023-11-23 06:35:00.007 |-DEBUG [pool-5-thread-1] com.jsti.tunnel.monitor.dao.master.TmDeviceDao.selectList [159] -| ==> Parameters: 
2023-11-23 06:35:00.009 |-DEBUG [pool-5-thread-1] com.jsti.tunnel.monitor.dao.master.TmDeviceDao.selectList [159] -| <==      Total: 2
2023-11-23 07:05:00.003 |-DEBUG [pool-5-thread-1] com.jsti.tunnel.monitor.dao.master.TmDeviceDao.selectList [159] -| ==>  Preparing: select id, code, `name`, model, `type`, clientip, clientport, device_type, line, segment, stake_number, install_position, serial_number, collect_time, subsecond, realtime_physical_data, status, pic1, enabled from tm_device 
2023-11-23 07:05:00.003 |-DEBUG [pool-5-thread-1] com.jsti.tunnel.monitor.dao.master.TmDeviceDao.selectList [159] -| ==> Parameters: 
2023-11-23 07:05:00.004 |-DEBUG [pool-5-thread-1] com.jsti.tunnel.monitor.dao.master.TmDeviceDao.selectList [159] -| <==      Total: 2
2023-11-23 07:35:00.001 |-DEBUG [pool-5-thread-1] com.jsti.tunnel.monitor.dao.master.TmDeviceDao.selectList [159] -| ==>  Preparing: select id, code, `name`, model, `type`, clientip, clientport, device_type, line, segment, stake_number, install_position, serial_number, collect_time, subsecond, realtime_physical_data, status, pic1, enabled from tm_device 
2023-11-23 07:35:00.003 |-DEBUG [pool-5-thread-1] com.jsti.tunnel.monitor.dao.master.TmDeviceDao.selectList [159] -| ==> Parameters: 
2023-11-23 07:35:00.004 |-DEBUG [pool-5-thread-1] com.jsti.tunnel.monitor.dao.master.TmDeviceDao.selectList [159] -| <==      Total: 2
2023-11-23 08:05:00.007 |-DEBUG [pool-5-thread-1] com.jsti.tunnel.monitor.dao.master.TmDeviceDao.selectList [159] -| ==>  Preparing: select id, code, `name`, model, `type`, clientip, clientport, device_type, line, segment, stake_number, install_position, serial_number, collect_time, subsecond, realtime_physical_data, status, pic1, enabled from tm_device 
2023-11-23 08:05:00.008 |-DEBUG [pool-5-thread-1] com.jsti.tunnel.monitor.dao.master.TmDeviceDao.selectList [159] -| ==> Parameters: 
2023-11-23 08:05:00.009 |-DEBUG [pool-5-thread-1] com.jsti.tunnel.monitor.dao.master.TmDeviceDao.selectList [159] -| <==      Total: 2
2023-11-23 08:35:00.012 |-DEBUG [pool-5-thread-1] com.jsti.tunnel.monitor.dao.master.TmDeviceDao.selectList [159] -| ==>  Preparing: select id, code, `name`, model, `type`, clientip, clientport, device_type, line, segment, stake_number, install_position, serial_number, collect_time, subsecond, realtime_physical_data, status, pic1, enabled from tm_device 
2023-11-23 08:35:00.013 |-DEBUG [pool-5-thread-1] com.jsti.tunnel.monitor.dao.master.TmDeviceDao.selectList [159] -| ==> Parameters: 
2023-11-23 08:35:00.014 |-DEBUG [pool-5-thread-1] com.jsti.tunnel.monitor.dao.master.TmDeviceDao.selectList [159] -| <==      Total: 2
2023-11-23 09:05:00.003 |-DEBUG [pool-5-thread-1] com.jsti.tunnel.monitor.dao.master.TmDeviceDao.selectList [159] -| ==>  Preparing: select id, code, `name`, model, `type`, clientip, clientport, device_type, line, segment, stake_number, install_position, serial_number, collect_time, subsecond, realtime_physical_data, status, pic1, enabled from tm_device 
2023-11-23 09:05:00.004 |-DEBUG [pool-5-thread-1] com.jsti.tunnel.monitor.dao.master.TmDeviceDao.selectList [159] -| ==> Parameters: 
2023-11-23 09:05:00.004 |-DEBUG [pool-5-thread-1] com.jsti.tunnel.monitor.dao.master.TmDeviceDao.selectList [159] -| <==      Total: 2
2023-11-23 09:35:00.012 |-DEBUG [pool-5-thread-1] com.jsti.tunnel.monitor.dao.master.TmDeviceDao.selectList [159] -| ==>  Preparing: select id, code, `name`, model, `type`, clientip, clientport, device_type, line, segment, stake_number, install_position, serial_number, collect_time, subsecond, realtime_physical_data, status, pic1, enabled from tm_device 
2023-11-23 09:35:00.013 |-DEBUG [pool-5-thread-1] com.jsti.tunnel.monitor.dao.master.TmDeviceDao.selectList [159] -| ==> Parameters: 
2023-11-23 09:35:00.014 |-DEBUG [pool-5-thread-1] com.jsti.tunnel.monitor.dao.master.TmDeviceDao.selectList [159] -| <==      Total: 2
2023-11-23 10:05:01.097 |-DEBUG [pool-5-thread-1] com.jsti.tunnel.monitor.dao.master.TmDeviceDao.selectList [159] -| ==>  Preparing: select id, code, `name`, model, `type`, clientip, clientport, device_type, line, segment, stake_number, install_position, serial_number, collect_time, subsecond, realtime_physical_data, status, pic1, enabled from tm_device 
2023-11-23 10:05:01.098 |-DEBUG [pool-5-thread-1] com.jsti.tunnel.monitor.dao.master.TmDeviceDao.selectList [159] -| ==> Parameters: 
2023-11-23 10:05:01.099 |-DEBUG [pool-5-thread-1] com.jsti.tunnel.monitor.dao.master.TmDeviceDao.selectList [159] -| <==      Total: 2
2023-11-23 10:35:00.008 |-DEBUG [pool-5-thread-1] com.jsti.tunnel.monitor.dao.master.TmDeviceDao.selectList [159] -| ==>  Preparing: select id, code, `name`, model, `type`, clientip, clientport, device_type, line, segment, stake_number, install_position, serial_number, collect_time, subsecond, realtime_physical_data, status, pic1, enabled from tm_device 
2023-11-23 10:35:00.009 |-DEBUG [pool-5-thread-1] com.jsti.tunnel.monitor.dao.master.TmDeviceDao.selectList [159] -| ==> Parameters: 
2023-11-23 10:35:00.010 |-DEBUG [pool-5-thread-1] com.jsti.tunnel.monitor.dao.master.TmDeviceDao.selectList [159] -| <==      Total: 2
2023-11-23 11:05:00.002 |-DEBUG [pool-5-thread-1] com.jsti.tunnel.monitor.dao.master.TmDeviceDao.selectList [159] -| ==>  Preparing: select id, code, `name`, model, `type`, clientip, clientport, device_type, line, segment, stake_number, install_position, serial_number, collect_time, subsecond, realtime_physical_data, status, pic1, enabled from tm_device 
2023-11-23 11:05:00.002 |-DEBUG [pool-5-thread-1] com.jsti.tunnel.monitor.dao.master.TmDeviceDao.selectList [159] -| ==> Parameters: 
2023-11-23 11:05:00.003 |-DEBUG [pool-5-thread-1] com.jsti.tunnel.monitor.dao.master.TmDeviceDao.selectList [159] -| <==      Total: 2
2023-11-23 11:35:00.015 |-DEBUG [pool-5-thread-1] com.jsti.tunnel.monitor.dao.master.TmDeviceDao.selectList [159] -| ==>  Preparing: select id, code, `name`, model, `type`, clientip, clientport, device_type, line, segment, stake_number, install_position, serial_number, collect_time, subsecond, realtime_physical_data, status, pic1, enabled from tm_device 
2023-11-23 11:35:00.016 |-DEBUG [pool-5-thread-1] com.jsti.tunnel.monitor.dao.master.TmDeviceDao.selectList [159] -| ==> Parameters: 
2023-11-23 11:35:00.017 |-DEBUG [pool-5-thread-1] com.jsti.tunnel.monitor.dao.master.TmDeviceDao.selectList [159] -| <==      Total: 2
2023-11-23 12:05:00.014 |-DEBUG [pool-5-thread-1] com.jsti.tunnel.monitor.dao.master.TmDeviceDao.selectList [159] -| ==>  Preparing: select id, code, `name`, model, `type`, clientip, clientport, device_type, line, segment, stake_number, install_position, serial_number, collect_time, subsecond, realtime_physical_data, status, pic1, enabled from tm_device 
2023-11-23 12:05:00.015 |-DEBUG [pool-5-thread-1] com.jsti.tunnel.monitor.dao.master.TmDeviceDao.selectList [159] -| ==> Parameters: 
2023-11-23 12:05:00.016 |-DEBUG [pool-5-thread-1] com.jsti.tunnel.monitor.dao.master.TmDeviceDao.selectList [159] -| <==      Total: 2
2023-11-23 12:35:00.004 |-DEBUG [pool-5-thread-1] com.jsti.tunnel.monitor.dao.master.TmDeviceDao.selectList [159] -| ==>  Preparing: select id, code, `name`, model, `type`, clientip, clientport, device_type, line, segment, stake_number, install_position, serial_number, collect_time, subsecond, realtime_physical_data, status, pic1, enabled from tm_device 
2023-11-23 12:35:00.005 |-DEBUG [pool-5-thread-1] com.jsti.tunnel.monitor.dao.master.TmDeviceDao.selectList [159] -| ==> Parameters: 
2023-11-23 12:35:00.005 |-DEBUG [pool-5-thread-1] com.jsti.tunnel.monitor.dao.master.TmDeviceDao.selectList [159] -| <==      Total: 2
2023-11-23 13:05:00.000 |-DEBUG [pool-5-thread-1] com.jsti.tunnel.monitor.dao.master.TmDeviceDao.selectList [159] -| ==>  Preparing: select id, code, `name`, model, `type`, clientip, clientport, device_type, line, segment, stake_number, install_position, serial_number, collect_time, subsecond, realtime_physical_data, status, pic1, enabled from tm_device 
2023-11-23 13:05:00.000 |-DEBUG [pool-5-thread-1] com.jsti.tunnel.monitor.dao.master.TmDeviceDao.selectList [159] -| ==> Parameters: 
2023-11-23 13:05:00.001 |-DEBUG [pool-5-thread-1] com.jsti.tunnel.monitor.dao.master.TmDeviceDao.selectList [159] -| <==      Total: 2
2023-11-23 13:35:00.001 |-DEBUG [pool-5-thread-1] com.jsti.tunnel.monitor.dao.master.TmDeviceDao.selectList [159] -| ==>  Preparing: select id, code, `name`, model, `type`, clientip, clientport, device_type, line, segment, stake_number, install_position, serial_number, collect_time, subsecond, realtime_physical_data, status, pic1, enabled from tm_device 
2023-11-23 13:35:00.001 |-DEBUG [pool-5-thread-1] com.jsti.tunnel.monitor.dao.master.TmDeviceDao.selectList [159] -| ==> Parameters: 
2023-11-23 13:35:00.002 |-DEBUG [pool-5-thread-1] com.jsti.tunnel.monitor.dao.master.TmDeviceDao.selectList [159] -| <==      Total: 2
2023-11-23 14:05:00.012 |-DEBUG [pool-5-thread-1] com.jsti.tunnel.monitor.dao.master.TmDeviceDao.selectList [159] -| ==>  Preparing: select id, code, `name`, model, `type`, clientip, clientport, device_type, line, segment, stake_number, install_position, serial_number, collect_time, subsecond, realtime_physical_data, status, pic1, enabled from tm_device 
2023-11-23 14:05:00.012 |-DEBUG [pool-5-thread-1] com.jsti.tunnel.monitor.dao.master.TmDeviceDao.selectList [159] -| ==> Parameters: 
2023-11-23 14:05:00.013 |-DEBUG [pool-5-thread-1] com.jsti.tunnel.monitor.dao.master.TmDeviceDao.selectList [159] -| <==      Total: 2
2023-11-23 14:35:00.004 |-DEBUG [pool-5-thread-1] com.jsti.tunnel.monitor.dao.master.TmDeviceDao.selectList [159] -| ==>  Preparing: select id, code, `name`, model, `type`, clientip, clientport, device_type, line, segment, stake_number, install_position, serial_number, collect_time, subsecond, realtime_physical_data, status, pic1, enabled from tm_device 
2023-11-23 14:35:00.005 |-DEBUG [pool-5-thread-1] com.jsti.tunnel.monitor.dao.master.TmDeviceDao.selectList [159] -| ==> Parameters: 
2023-11-23 14:35:00.006 |-DEBUG [pool-5-thread-1] com.jsti.tunnel.monitor.dao.master.TmDeviceDao.selectList [159] -| <==      Total: 2
2023-11-23 14:49:14.779 |-INFO  [http-nio-8089-exec-1] com.jsti.system.securityTools.JwtAuthenticationTokenFilter [52] -| checking authentication admin
2023-11-23 14:49:14.854 |-DEBUG [http-nio-8089-exec-1] com.jsti.tunnel.monitor.dao.master.UserDao.findByUserName [159] -| ==>  Preparing: select u.* ,r.name from sys_user u LEFT JOIN sys_role_user sru on u.id= sru.Sys_User_id LEFT JOIN sys_role r on sru.sys_role_id=r.id where username= ? 
2023-11-23 14:49:14.854 |-DEBUG [http-nio-8089-exec-1] com.jsti.tunnel.monitor.dao.master.UserDao.findByUserName [159] -| ==> Parameters: admin(String)
2023-11-23 14:49:14.855 |-DEBUG [http-nio-8089-exec-1] com.jsti.tunnel.monitor.dao.master.UserDao.findByUserName [159] -| <==      Total: 1
2023-11-23 14:49:14.855 |-DEBUG [http-nio-8089-exec-1] com.jsti.tunnel.monitor.dao.master.PermissionDao.findByAdminUserId [159] -| ==>  Preparing: select p.*,spr.permission_type from sys_permission p LEFT JOIN sys_role_user sru on sru.sys_user_id = ? LEFT JOIN sys_role r on sru.sys_role_id=r.id LEFT JOIN sys_permission_role spr on spr.role_id=r.id where p.id =spr.permission_id 
2023-11-23 14:49:14.855 |-DEBUG [http-nio-8089-exec-1] com.jsti.tunnel.monitor.dao.master.PermissionDao.findByAdminUserId [159] -| ==> Parameters: 1(Integer)
2023-11-23 14:49:14.856 |-DEBUG [http-nio-8089-exec-1] com.jsti.tunnel.monitor.dao.master.PermissionDao.findByAdminUserId [159] -| <==      Total: 13
2023-11-23 14:49:14.856 |-DEBUG [http-nio-8089-exec-1] com.jsti.tunnel.monitor.dao.master.RoleDao.getRoleByUser [159] -| ==>  Preparing: select * from sys_role where id in (select sys_role_id from sys_role_user where sys_user_id=?) 
2023-11-23 14:49:14.857 |-DEBUG [http-nio-8089-exec-1] com.jsti.tunnel.monitor.dao.master.RoleDao.getRoleByUser [159] -| ==> Parameters: 1(Integer)
2023-11-23 14:49:14.857 |-DEBUG [http-nio-8089-exec-1] com.jsti.tunnel.monitor.dao.master.RoleDao.getRoleByUser [159] -| <==      Total: 1
2023-11-23 14:49:14.903 |-INFO  [http-nio-8089-exec-1] com.jsti.system.securityTools.JwtAuthenticationTokenFilter [69] -| authenticated user admin, setting security context
2023-11-23 14:49:14.905 |-INFO  [http-nio-8089-exec-1] com.jsti.system.securityTools.JwtAuthenticationTokenFilter [52] -| checking authentication admin
2023-11-23 14:49:14.908 |-DEBUG [http-nio-8089-exec-1] com.jsti.tunnel.monitor.dao.master.TmWarningRecordsDao.selectDataList_COUNT [159] -| ==>  Preparing: SELECT count(0) FROM tm_warning_records wr LEFT JOIN tm_device d ON d.id = wr.deviceid LEFT JOIN tm_device d2 ON d2.id = wr.remark 
2023-11-23 14:49:14.908 |-DEBUG [http-nio-8089-exec-1] com.jsti.tunnel.monitor.dao.master.TmWarningRecordsDao.selectDataList_COUNT [159] -| ==> Parameters: 
2023-11-23 14:49:14.909 |-DEBUG [http-nio-8089-exec-1] com.jsti.tunnel.monitor.dao.master.TmWarningRecordsDao.selectDataList_COUNT [159] -| <==      Total: 1
2023-11-23 14:49:14.910 |-DEBUG [http-nio-8089-exec-1] com.jsti.tunnel.monitor.dao.master.TmWarningRecordsDao.selectDataList [159] -| ==>  Preparing: SELECT wr.*, d.type, d.segment, d.stake_number, d.install_position, d.code AS device_code, d.line, d2.`code` AS device2_code FROM tm_warning_records wr LEFT JOIN tm_device d ON d.id = wr.deviceid LEFT JOIN tm_device d2 ON d2.id = wr.remark order by wr.collect_time desc, deviceid asc limit ?,? 
2023-11-23 14:49:14.911 |-DEBUG [http-nio-8089-exec-1] com.jsti.tunnel.monitor.dao.master.TmWarningRecordsDao.selectDataList [159] -| ==> Parameters: 0(Integer), 50(Integer)
2023-11-23 14:49:14.912 |-DEBUG [http-nio-8089-exec-1] com.jsti.tunnel.monitor.dao.master.TmWarningRecordsDao.selectDataList [159] -| <==      Total: 1
2023-11-23 15:05:00.001 |-DEBUG [pool-5-thread-1] com.jsti.tunnel.monitor.dao.master.TmDeviceDao.selectList [159] -| ==>  Preparing: select id, code, `name`, model, `type`, clientip, clientport, device_type, line, segment, stake_number, install_position, serial_number, collect_time, subsecond, realtime_physical_data, status, pic1, enabled from tm_device 
2023-11-23 15:05:00.002 |-DEBUG [pool-5-thread-1] com.jsti.tunnel.monitor.dao.master.TmDeviceDao.selectList [159] -| ==> Parameters: 
2023-11-23 15:05:00.003 |-DEBUG [pool-5-thread-1] com.jsti.tunnel.monitor.dao.master.TmDeviceDao.selectList [159] -| <==      Total: 2
2023-11-23 15:35:00.004 |-DEBUG [pool-5-thread-1] com.jsti.tunnel.monitor.dao.master.TmDeviceDao.selectList [159] -| ==>  Preparing: select id, code, `name`, model, `type`, clientip, clientport, device_type, line, segment, stake_number, install_position, serial_number, collect_time, subsecond, realtime_physical_data, status, pic1, enabled from tm_device 
2023-11-23 15:35:00.004 |-DEBUG [pool-5-thread-1] com.jsti.tunnel.monitor.dao.master.TmDeviceDao.selectList [159] -| ==> Parameters: 
2023-11-23 15:35:00.005 |-DEBUG [pool-5-thread-1] com.jsti.tunnel.monitor.dao.master.TmDeviceDao.selectList [159] -| <==      Total: 2
2023-11-23 16:05:00.004 |-DEBUG [pool-5-thread-1] com.jsti.tunnel.monitor.dao.master.TmDeviceDao.selectList [159] -| ==>  Preparing: select id, code, `name`, model, `type`, clientip, clientport, device_type, line, segment, stake_number, install_position, serial_number, collect_time, subsecond, realtime_physical_data, status, pic1, enabled from tm_device 
2023-11-23 16:05:00.005 |-DEBUG [pool-5-thread-1] com.jsti.tunnel.monitor.dao.master.TmDeviceDao.selectList [159] -| ==> Parameters: 
2023-11-23 16:05:00.006 |-DEBUG [pool-5-thread-1] com.jsti.tunnel.monitor.dao.master.TmDeviceDao.selectList [159] -| <==      Total: 2
2023-11-23 16:35:00.002 |-DEBUG [pool-5-thread-1] com.jsti.tunnel.monitor.dao.master.TmDeviceDao.selectList [159] -| ==>  Preparing: select id, code, `name`, model, `type`, clientip, clientport, device_type, line, segment, stake_number, install_position, serial_number, collect_time, subsecond, realtime_physical_data, status, pic1, enabled from tm_device 
2023-11-23 16:35:00.003 |-DEBUG [pool-5-thread-1] com.jsti.tunnel.monitor.dao.master.TmDeviceDao.selectList [159] -| ==> Parameters: 
2023-11-23 16:35:00.005 |-DEBUG [pool-5-thread-1] com.jsti.tunnel.monitor.dao.master.TmDeviceDao.selectList [159] -| <==      Total: 2
2023-11-23 17:05:00.003 |-DEBUG [pool-5-thread-1] com.jsti.tunnel.monitor.dao.master.TmDeviceDao.selectList [159] -| ==>  Preparing: select id, code, `name`, model, `type`, clientip, clientport, device_type, line, segment, stake_number, install_position, serial_number, collect_time, subsecond, realtime_physical_data, status, pic1, enabled from tm_device 
2023-11-23 17:05:00.004 |-DEBUG [pool-5-thread-1] com.jsti.tunnel.monitor.dao.master.TmDeviceDao.selectList [159] -| ==> Parameters: 
2023-11-23 17:05:00.005 |-DEBUG [pool-5-thread-1] com.jsti.tunnel.monitor.dao.master.TmDeviceDao.selectList [159] -| <==      Total: 2
2023-11-23 17:35:00.001 |-DEBUG [pool-5-thread-1] com.jsti.tunnel.monitor.dao.master.TmDeviceDao.selectList [159] -| ==>  Preparing: select id, code, `name`, model, `type`, clientip, clientport, device_type, line, segment, stake_number, install_position, serial_number, collect_time, subsecond, realtime_physical_data, status, pic1, enabled from tm_device 
2023-11-23 17:35:00.002 |-DEBUG [pool-5-thread-1] com.jsti.tunnel.monitor.dao.master.TmDeviceDao.selectList [159] -| ==> Parameters: 
2023-11-23 17:35:00.003 |-DEBUG [pool-5-thread-1] com.jsti.tunnel.monitor.dao.master.TmDeviceDao.selectList [159] -| <==      Total: 2
2023-11-23 18:05:00.011 |-DEBUG [pool-5-thread-1] com.jsti.tunnel.monitor.dao.master.TmDeviceDao.selectList [159] -| ==>  Preparing: select id, code, `name`, model, `type`, clientip, clientport, device_type, line, segment, stake_number, install_position, serial_number, collect_time, subsecond, realtime_physical_data, status, pic1, enabled from tm_device 
2023-11-23 18:05:00.012 |-DEBUG [pool-5-thread-1] com.jsti.tunnel.monitor.dao.master.TmDeviceDao.selectList [159] -| ==> Parameters: 
2023-11-23 18:05:00.013 |-DEBUG [pool-5-thread-1] com.jsti.tunnel.monitor.dao.master.TmDeviceDao.selectList [159] -| <==      Total: 2
2023-11-23 18:35:00.001 |-DEBUG [pool-5-thread-1] com.jsti.tunnel.monitor.dao.master.TmDeviceDao.selectList [159] -| ==>  Preparing: select id, code, `name`, model, `type`, clientip, clientport, device_type, line, segment, stake_number, install_position, serial_number, collect_time, subsecond, realtime_physical_data, status, pic1, enabled from tm_device 
2023-11-23 18:35:00.001 |-DEBUG [pool-5-thread-1] com.jsti.tunnel.monitor.dao.master.TmDeviceDao.selectList [159] -| ==> Parameters: 
2023-11-23 18:35:00.002 |-DEBUG [pool-5-thread-1] com.jsti.tunnel.monitor.dao.master.TmDeviceDao.selectList [159] -| <==      Total: 2
2023-11-23 19:05:00.009 |-DEBUG [pool-5-thread-1] com.jsti.tunnel.monitor.dao.master.TmDeviceDao.selectList [159] -| ==>  Preparing: select id, code, `name`, model, `type`, clientip, clientport, device_type, line, segment, stake_number, install_position, serial_number, collect_time, subsecond, realtime_physical_data, status, pic1, enabled from tm_device 
2023-11-23 19:05:00.010 |-DEBUG [pool-5-thread-1] com.jsti.tunnel.monitor.dao.master.TmDeviceDao.selectList [159] -| ==> Parameters: 
2023-11-23 19:05:00.011 |-DEBUG [pool-5-thread-1] com.jsti.tunnel.monitor.dao.master.TmDeviceDao.selectList [159] -| <==      Total: 2
2023-11-23 19:35:00.005 |-DEBUG [pool-5-thread-1] com.jsti.tunnel.monitor.dao.master.TmDeviceDao.selectList [159] -| ==>  Preparing: select id, code, `name`, model, `type`, clientip, clientport, device_type, line, segment, stake_number, install_position, serial_number, collect_time, subsecond, realtime_physical_data, status, pic1, enabled from tm_device 
2023-11-23 19:35:00.006 |-DEBUG [pool-5-thread-1] com.jsti.tunnel.monitor.dao.master.TmDeviceDao.selectList [159] -| ==> Parameters: 
2023-11-23 19:35:00.007 |-DEBUG [pool-5-thread-1] com.jsti.tunnel.monitor.dao.master.TmDeviceDao.selectList [159] -| <==      Total: 2
2023-11-23 20:05:00.016 |-DEBUG [pool-5-thread-1] com.jsti.tunnel.monitor.dao.master.TmDeviceDao.selectList [159] -| ==>  Preparing: select id, code, `name`, model, `type`, clientip, clientport, device_type, line, segment, stake_number, install_position, serial_number, collect_time, subsecond, realtime_physical_data, status, pic1, enabled from tm_device 
2023-11-23 20:05:00.017 |-DEBUG [pool-5-thread-1] com.jsti.tunnel.monitor.dao.master.TmDeviceDao.selectList [159] -| ==> Parameters: 
2023-11-23 20:05:00.017 |-DEBUG [pool-5-thread-1] com.jsti.tunnel.monitor.dao.master.TmDeviceDao.selectList [159] -| <==      Total: 2
2023-11-23 20:35:00.001 |-DEBUG [pool-5-thread-1] com.jsti.tunnel.monitor.dao.master.TmDeviceDao.selectList [159] -| ==>  Preparing: select id, code, `name`, model, `type`, clientip, clientport, device_type, line, segment, stake_number, install_position, serial_number, collect_time, subsecond, realtime_physical_data, status, pic1, enabled from tm_device 
2023-11-23 20:35:00.002 |-DEBUG [pool-5-thread-1] com.jsti.tunnel.monitor.dao.master.TmDeviceDao.selectList [159] -| ==> Parameters: 
2023-11-23 20:35:00.002 |-DEBUG [pool-5-thread-1] com.jsti.tunnel.monitor.dao.master.TmDeviceDao.selectList [159] -| <==      Total: 2
2023-11-23 21:05:00.003 |-DEBUG [pool-5-thread-1] com.jsti.tunnel.monitor.dao.master.TmDeviceDao.selectList [159] -| ==>  Preparing: select id, code, `name`, model, `type`, clientip, clientport, device_type, line, segment, stake_number, install_position, serial_number, collect_time, subsecond, realtime_physical_data, status, pic1, enabled from tm_device 
2023-11-23 21:05:00.004 |-DEBUG [pool-5-thread-1] com.jsti.tunnel.monitor.dao.master.TmDeviceDao.selectList [159] -| ==> Parameters: 
2023-11-23 21:05:00.004 |-DEBUG [pool-5-thread-1] com.jsti.tunnel.monitor.dao.master.TmDeviceDao.selectList [159] -| <==      Total: 2
2023-11-23 21:35:00.013 |-DEBUG [pool-5-thread-1] com.jsti.tunnel.monitor.dao.master.TmDeviceDao.selectList [159] -| ==>  Preparing: select id, code, `name`, model, `type`, clientip, clientport, device_type, line, segment, stake_number, install_position, serial_number, collect_time, subsecond, realtime_physical_data, status, pic1, enabled from tm_device 
2023-11-23 21:35:00.013 |-DEBUG [pool-5-thread-1] com.jsti.tunnel.monitor.dao.master.TmDeviceDao.selectList [159] -| ==> Parameters: 
2023-11-23 21:35:00.014 |-DEBUG [pool-5-thread-1] com.jsti.tunnel.monitor.dao.master.TmDeviceDao.selectList [159] -| <==      Total: 2
2023-11-23 22:05:00.007 |-DEBUG [pool-5-thread-1] com.jsti.tunnel.monitor.dao.master.TmDeviceDao.selectList [159] -| ==>  Preparing: select id, code, `name`, model, `type`, clientip, clientport, device_type, line, segment, stake_number, install_position, serial_number, collect_time, subsecond, realtime_physical_data, status, pic1, enabled from tm_device 
2023-11-23 22:05:00.008 |-DEBUG [pool-5-thread-1] com.jsti.tunnel.monitor.dao.master.TmDeviceDao.selectList [159] -| ==> Parameters: 
2023-11-23 22:05:00.009 |-DEBUG [pool-5-thread-1] com.jsti.tunnel.monitor.dao.master.TmDeviceDao.selectList [159] -| <==      Total: 2
2023-11-23 22:35:00.004 |-DEBUG [pool-5-thread-1] com.jsti.tunnel.monitor.dao.master.TmDeviceDao.selectList [159] -| ==>  Preparing: select id, code, `name`, model, `type`, clientip, clientport, device_type, line, segment, stake_number, install_position, serial_number, collect_time, subsecond, realtime_physical_data, status, pic1, enabled from tm_device 
2023-11-23 22:35:00.005 |-DEBUG [pool-5-thread-1] com.jsti.tunnel.monitor.dao.master.TmDeviceDao.selectList [159] -| ==> Parameters: 
2023-11-23 22:35:00.007 |-DEBUG [pool-5-thread-1] com.jsti.tunnel.monitor.dao.master.TmDeviceDao.selectList [159] -| <==      Total: 2
2023-11-23 23:05:00.003 |-DEBUG [pool-5-thread-1] com.jsti.tunnel.monitor.dao.master.TmDeviceDao.selectList [159] -| ==>  Preparing: select id, code, `name`, model, `type`, clientip, clientport, device_type, line, segment, stake_number, install_position, serial_number, collect_time, subsecond, realtime_physical_data, status, pic1, enabled from tm_device 
2023-11-23 23:05:00.004 |-DEBUG [pool-5-thread-1] com.jsti.tunnel.monitor.dao.master.TmDeviceDao.selectList [159] -| ==> Parameters: 
2023-11-23 23:05:00.005 |-DEBUG [pool-5-thread-1] com.jsti.tunnel.monitor.dao.master.TmDeviceDao.selectList [159] -| <==      Total: 2
2023-11-23 23:35:00.001 |-DEBUG [pool-5-thread-1] com.jsti.tunnel.monitor.dao.master.TmDeviceDao.selectList [159] -| ==>  Preparing: select id, code, `name`, model, `type`, clientip, clientport, device_type, line, segment, stake_number, install_position, serial_number, collect_time, subsecond, realtime_physical_data, status, pic1, enabled from tm_device 
2023-11-23 23:35:00.002 |-DEBUG [pool-5-thread-1] com.jsti.tunnel.monitor.dao.master.TmDeviceDao.selectList [159] -| ==> Parameters: 
2023-11-23 23:35:00.004 |-DEBUG [pool-5-thread-1] com.jsti.tunnel.monitor.dao.master.TmDeviceDao.selectList [159] -| <==      Total: 2
